
do_register.sh Database_name_n_databox_name_by_figure_context_databox_tag_register_v.ml

 less Database_name_n_databox_name_by_figure_context_databox_tag_register_v.ml
 diff Database_name_n_databox_name_by_figure_context_databox_tag_register_v.ml KEEP/Database_name_n_databox_name_by_figure_context_databox_tag_register_v.ml
 make Database_name_n_databox_name_by_figure_context_databox_tag_register_v.cmo

do_register.sh Figure_creation_module_name_by_sole_index_register_v.ml

 less Figure_creation_module_name_by_sole_index_register_v.ml
 diff Figure_creation_module_name_by_sole_index_register_v.ml KEEP/Figure_creation_module_name_by_sole_index_register_v.ml
 make Figure_creation_module_name_by_sole_index_register_v.cmo

do_register.sh Figure_fence_by_figure_tag_register_v.ml

 less Figure_fence_by_figure_tag_register_v.ml
 diff Figure_fence_by_figure_tag_register_v.ml KEEP/Figure_fence_by_figure_tag_register_v.ml
 make Figure_fence_by_figure_tag_register_v.cmo

do_register.sh Figure_point_tag_list_by_figure_tag_register_v.ml

 less Figure_point_tag_list_by_figure_tag_register_v.ml
 diff Figure_point_tag_list_by_figure_tag_register_v.ml KEEP/Figure_point_tag_list_by_figure_tag_register_v.ml
 make Figure_point_tag_list_by_figure_tag_register_v.cmo

do_register.sh Figure_symbol_by_sole_index_register_v.ml

 less Figure_symbol_by_sole_index_register_v.ml
 diff Figure_symbol_by_sole_index_register_v.ml KEEP/Figure_symbol_by_sole_index_register_v.ml
 make Figure_symbol_by_sole_index_register_v.cmo

do_register.sh Figure_tag_all_list_by_database_name_n_databox_name_register_v.ml

 less Figure_tag_all_list_by_database_name_n_databox_name_register_v.ml
 diff Figure_tag_all_list_by_database_name_n_databox_name_register_v.ml KEEP/Figure_tag_all_list_by_database_name_n_databox_name_register_v.ml
 make Figure_tag_all_list_by_database_name_n_databox_name_register_v.cmo

do_register.sh Figure_tag_all_list_by_database_name_register_v.ml

 less Figure_tag_all_list_by_database_name_register_v.ml
 diff Figure_tag_all_list_by_database_name_register_v.ml KEEP/Figure_tag_all_list_by_database_name_register_v.ml
 make Figure_tag_all_list_by_database_name_register_v.cmo

do_register.sh Figure_tag_all_list_by_figure_context_databox_tag_register_v.ml

 less Figure_tag_all_list_by_figure_context_databox_tag_register_v.ml
 diff Figure_tag_all_list_by_figure_context_databox_tag_register_v.ml KEEP/Figure_tag_all_list_by_figure_context_databox_tag_register_v.ml
 make Figure_tag_all_list_by_figure_context_databox_tag_register_v.cmo

do_register.sh Figure_tag_subtree_by_figure_tag_register_v.ml

 less Figure_tag_subtree_by_figure_tag_register_v.ml
 diff Figure_tag_subtree_by_figure_tag_register_v.ml KEEP/Figure_tag_subtree_by_figure_tag_register_v.ml
 make Figure_tag_subtree_by_figure_tag_register_v.cmo

do_register.sh Figure_tag_tree_by_database_name_n_databox_name_register_v.ml

 less Figure_tag_tree_by_database_name_n_databox_name_register_v.ml
 diff Figure_tag_tree_by_database_name_n_databox_name_register_v.ml KEEP/Figure_tag_tree_by_database_name_n_databox_name_register_v.ml
 make Figure_tag_tree_by_database_name_n_databox_name_register_v.cmo

do_register.sh Figure_tag_tree_by_database_name_register_v.ml

 less Figure_tag_tree_by_database_name_register_v.ml
 diff Figure_tag_tree_by_database_name_register_v.ml KEEP/Figure_tag_tree_by_database_name_register_v.ml
 make Figure_tag_tree_by_database_name_register_v.cmo

do_register.sh Figure_tag_tree_by_figure_tag_register_v.ml

 less Figure_tag_tree_by_figure_tag_register_v.ml
 diff Figure_tag_tree_by_figure_tag_register_v.ml KEEP/Figure_tag_tree_by_figure_tag_register_v.ml
 make Figure_tag_tree_by_figure_tag_register_v.cmo

do_register.sh Son_figure_tag_list_by_father_figure_tag_register_v.ml

 less Son_figure_tag_list_by_father_figure_tag_register_v.ml
 diff Son_figure_tag_list_by_father_figure_tag_register_v.ml KEEP/Son_figure_tag_list_by_father_figure_tag_register_v.ml
 make Son_figure_tag_list_by_father_figure_tag_register_v.cmo

do_provider_with_register.sh Database_name_n_databox_name_by_figure_context_databox_tag_provider_v.ml

not a tag_all_list_by
 less Database_name_n_databox_name_by_figure_context_databox_tag_provider_v.ml
 make Database_name_n_databox_name_by_figure_context_databox_tag_provider_v.cmo

do_provider_with_register.sh Figure_as_context_database_tag_by_database_name_provider_v.ml

not a tag_all_list_by
SKIPPING do_provider_with_register.sh Figure_as_context_database_tag_by_database_name_provider_v.ml : No Register in Header of Figure_as_context_database_tag_by_database_name_provider_v.ml

do_provider_with_register.sh Figure_as_context_databox_tag_by_database_name_n_databox_name_provider_v.ml

not a tag_all_list_by
SKIPPING do_provider_with_register.sh Figure_as_context_databox_tag_by_database_name_n_databox_name_provider_v.ml : No Register in Header of Figure_as_context_databox_tag_by_database_name_n_databox_name_provider_v.ml

do_provider_with_register.sh Figure_as_context_domain_tag_by_unit_provider_v.ml

not a tag_all_list_by
SKIPPING do_provider_with_register.sh Figure_as_context_domain_tag_by_unit_provider_v.ml : No Register in Header of Figure_as_context_domain_tag_by_unit_provider_v.ml

do_provider_with_register.sh Figure_as_context_tag_trio_by_database_name_n_databox_name_provider_v.ml

not a tag_all_list_by
SKIPPING do_provider_with_register.sh Figure_as_context_tag_trio_by_database_name_n_databox_name_provider_v.ml : No Register in Header of Figure_as_context_tag_trio_by_database_name_n_databox_name_provider_v.ml

do_provider_with_register.sh Figure_as_field_symbol_subtree_by_database_name_n_databox_name_provider_v.ml

not a tag_all_list_by
SKIPPING do_provider_with_register.sh Figure_as_field_symbol_subtree_by_database_name_n_databox_name_provider_v.ml : No Register in Header of Figure_as_field_symbol_subtree_by_database_name_n_databox_name_provider_v.ml

do_provider_with_register.sh Figure_context_database_tag_by_database_name_provider_v.ml

not a tag_all_list_by
SKIPPING do_provider_with_register.sh Figure_context_database_tag_by_database_name_provider_v.ml : No Register in Header of Figure_context_database_tag_by_database_name_provider_v.ml

do_provider_with_register.sh Figure_context_databox_tag_by_database_name_n_databox_name_provider_v.ml

not a tag_all_list_by
SKIPPING do_provider_with_register.sh Figure_context_databox_tag_by_database_name_n_databox_name_provider_v.ml : No Register in Header of Figure_context_databox_tag_by_database_name_n_databox_name_provider_v.ml

do_provider_with_register.sh Figure_context_domain_tag_by_unit_provider_v.ml

not a tag_all_list_by
SKIPPING do_provider_with_register.sh Figure_context_domain_tag_by_unit_provider_v.ml : No Register in Header of Figure_context_domain_tag_by_unit_provider_v.ml

do_provider_with_register.sh Figure_context_tag_triplet_by_database_name_n_databox_name_provider_v.ml

not a tag_all_list_by
SKIPPING do_provider_with_register.sh Figure_context_tag_triplet_by_database_name_n_databox_name_provider_v.ml : No Register in Header of Figure_context_tag_triplet_by_database_name_n_databox_name_provider_v.ml

do_provider_with_register.sh Figure_domain_name_by_unit_provider_v.ml

not a tag_all_list_by
SKIPPING do_provider_with_register.sh Figure_domain_name_by_unit_provider_v.ml : No Register in Header of Figure_domain_name_by_unit_provider_v.ml

do_provider_with_register.sh Figure_fence_by_figure_tag_provider_v.ml

not a tag_all_list_by
 less Figure_fence_by_figure_tag_provider_v.ml
 make Figure_fence_by_figure_tag_provider_v.cmo

do_provider_with_register.sh Figure_field_fence_point_tag_list_by_figure_tag_provider_v.ml

not a tag_all_list_by
SKIPPING do_provider_with_register.sh Figure_field_fence_point_tag_list_by_figure_tag_provider_v.ml : No Register in Header of Figure_field_fence_point_tag_list_by_figure_tag_provider_v.ml

do_provider_with_register.sh Figure_symbol_subtree_by_figure_context_databox_tag_provider_v.ml

not a tag_all_list_by
SKIPPING do_provider_with_register.sh Figure_symbol_subtree_by_figure_context_databox_tag_provider_v.ml : No Register in Header of Figure_symbol_subtree_by_figure_context_databox_tag_provider_v.ml

do_provider_with_register.sh Figure_symbol_subtree_root_databox_by_database_name_n_databox_name_provider_v.ml

not a tag_all_list_by
SKIPPING do_provider_with_register.sh Figure_symbol_subtree_root_databox_by_database_name_n_databox_name_provider_v.ml : No Register in Header of Figure_symbol_subtree_root_databox_by_database_name_n_databox_name_provider_v.ml

do_provider_with_register.sh Figure_tag_all_list_by_database_name_n_databox_name_provider_v.ml

SKIPPING do_provider_with_register.sh Figure_tag_all_list_by_database_name_n_databox_name_provider_v.ml skipped

do_provider_with_register.sh Figure_tag_all_list_by_figure_context_databox_tag_provider_v.ml

SKIPPING do_provider_with_register.sh Figure_tag_all_list_by_figure_context_databox_tag_provider_v.ml skipped

do_provider_with_register.sh Figure_tag_subtree_by_figure_tag_provider_v.ml

not a tag_all_list_by
 less Figure_tag_subtree_by_figure_tag_provider_v.ml
 make Figure_tag_subtree_by_figure_tag_provider_v.cmo

do_provider_with_register.sh Figure_tag_tree_by_database_name_n_databox_name_provider_v.ml

not a tag_all_list_by
 less Figure_tag_tree_by_database_name_n_databox_name_provider_v.ml
 make Figure_tag_tree_by_database_name_n_databox_name_provider_v.cmo

do_provider_with_register.sh Figure_tag_tree_by_figure_context_databox_tag_provider_v.ml

not a tag_all_list_by
SKIPPING do_provider_with_register.sh Figure_tag_tree_by_figure_context_databox_tag_provider_v.ml : No Register in Header of Figure_tag_tree_by_figure_context_databox_tag_provider_v.ml

do_provider_with_register.sh Son_figure_tag_list_by_father_figure_tag_provider_v.ml

not a tag_all_list_by
 less Son_figure_tag_list_by_father_figure_tag_provider_v.ml
 make Son_figure_tag_list_by_father_figure_tag_provider_v.cmo

 do_provider_without_register.sh Database_name_n_databox_name_by_figure_context_databox_tag_provider_v.ml force

SKIPPING do_provider_without_register.sh Database_name_n_databox_name_by_figure_context_databox_tag_provider_v.ml found 1 Registers

 do_provider_without_register.sh Figure_as_context_database_tag_by_database_name_provider_v.ml force

 less Figure_as_context_database_tag_by_database_name_provider_v.ml
 diff Figure_as_context_database_tag_by_database_name_provider_v.ml KEEP/Figure_as_context_database_tag_by_database_name_provider_v.ml
 make Figure_as_context_database_tag_by_database_name_provider_v.cmo

 do_provider_without_register.sh Figure_as_context_databox_tag_by_database_name_n_databox_name_provider_v.ml force

 less Figure_as_context_databox_tag_by_database_name_n_databox_name_provider_v.ml
 diff Figure_as_context_databox_tag_by_database_name_n_databox_name_provider_v.ml KEEP/Figure_as_context_databox_tag_by_database_name_n_databox_name_provider_v.ml
 make Figure_as_context_databox_tag_by_database_name_n_databox_name_provider_v.cmo

 do_provider_without_register.sh Figure_as_context_domain_tag_by_unit_provider_v.ml force

 less Figure_as_context_domain_tag_by_unit_provider_v.ml
 diff Figure_as_context_domain_tag_by_unit_provider_v.ml KEEP/Figure_as_context_domain_tag_by_unit_provider_v.ml
 make Figure_as_context_domain_tag_by_unit_provider_v.cmo

 do_provider_without_register.sh Figure_as_context_tag_trio_by_database_name_n_databox_name_provider_v.ml force

 less Figure_as_context_tag_trio_by_database_name_n_databox_name_provider_v.ml
 diff Figure_as_context_tag_trio_by_database_name_n_databox_name_provider_v.ml KEEP/Figure_as_context_tag_trio_by_database_name_n_databox_name_provider_v.ml
 make Figure_as_context_tag_trio_by_database_name_n_databox_name_provider_v.cmo

 do_provider_without_register.sh Figure_as_field_symbol_subtree_by_database_name_n_databox_name_provider_v.ml force

 less Figure_as_field_symbol_subtree_by_database_name_n_databox_name_provider_v.ml
 diff Figure_as_field_symbol_subtree_by_database_name_n_databox_name_provider_v.ml KEEP/Figure_as_field_symbol_subtree_by_database_name_n_databox_name_provider_v.ml
 make Figure_as_field_symbol_subtree_by_database_name_n_databox_name_provider_v.cmo

 do_provider_without_register.sh Figure_context_database_tag_by_database_name_provider_v.ml force

 less Figure_context_database_tag_by_database_name_provider_v.ml
 diff Figure_context_database_tag_by_database_name_provider_v.ml KEEP/Figure_context_database_tag_by_database_name_provider_v.ml
 make Figure_context_database_tag_by_database_name_provider_v.cmo

 do_provider_without_register.sh Figure_context_databox_tag_by_database_name_n_databox_name_provider_v.ml force

 less Figure_context_databox_tag_by_database_name_n_databox_name_provider_v.ml
 diff Figure_context_databox_tag_by_database_name_n_databox_name_provider_v.ml KEEP/Figure_context_databox_tag_by_database_name_n_databox_name_provider_v.ml
 make Figure_context_databox_tag_by_database_name_n_databox_name_provider_v.cmo

 do_provider_without_register.sh Figure_context_domain_tag_by_unit_provider_v.ml force

 less Figure_context_domain_tag_by_unit_provider_v.ml
 diff Figure_context_domain_tag_by_unit_provider_v.ml KEEP/Figure_context_domain_tag_by_unit_provider_v.ml
 make Figure_context_domain_tag_by_unit_provider_v.cmo

 do_provider_without_register.sh Figure_context_tag_triplet_by_database_name_n_databox_name_provider_v.ml force

 less Figure_context_tag_triplet_by_database_name_n_databox_name_provider_v.ml
 diff Figure_context_tag_triplet_by_database_name_n_databox_name_provider_v.ml KEEP/Figure_context_tag_triplet_by_database_name_n_databox_name_provider_v.ml
 make Figure_context_tag_triplet_by_database_name_n_databox_name_provider_v.cmo

 do_provider_without_register.sh Figure_domain_name_by_unit_provider_v.ml force

 less Figure_domain_name_by_unit_provider_v.ml
 diff Figure_domain_name_by_unit_provider_v.ml KEEP/Figure_domain_name_by_unit_provider_v.ml
 make Figure_domain_name_by_unit_provider_v.cmo

 do_provider_without_register.sh Figure_fence_by_figure_tag_provider_v.ml force

SKIPPING do_provider_without_register.sh Figure_fence_by_figure_tag_provider_v.ml found 1 Registers

 do_provider_without_register.sh Figure_field_fence_point_tag_list_by_figure_tag_provider_v.ml force

 less Figure_field_fence_point_tag_list_by_figure_tag_provider_v.ml
 diff Figure_field_fence_point_tag_list_by_figure_tag_provider_v.ml KEEP/Figure_field_fence_point_tag_list_by_figure_tag_provider_v.ml
 make Figure_field_fence_point_tag_list_by_figure_tag_provider_v.cmo

 do_provider_without_register.sh Figure_symbol_subtree_by_figure_context_databox_tag_provider_v.ml force

 less Figure_symbol_subtree_by_figure_context_databox_tag_provider_v.ml
 diff Figure_symbol_subtree_by_figure_context_databox_tag_provider_v.ml KEEP/Figure_symbol_subtree_by_figure_context_databox_tag_provider_v.ml
 make Figure_symbol_subtree_by_figure_context_databox_tag_provider_v.cmo

 do_provider_without_register.sh Figure_symbol_subtree_root_databox_by_database_name_n_databox_name_provider_v.ml force

 less Figure_symbol_subtree_root_databox_by_database_name_n_databox_name_provider_v.ml
 diff Figure_symbol_subtree_root_databox_by_database_name_n_databox_name_provider_v.ml KEEP/Figure_symbol_subtree_root_databox_by_database_name_n_databox_name_provider_v.ml
 make Figure_symbol_subtree_root_databox_by_database_name_n_databox_name_provider_v.cmo

 do_provider_without_register.sh Figure_tag_all_list_by_database_name_n_databox_name_provider_v.ml force

SKIPPING do_provider_without_register.sh Figure_tag_all_list_by_database_name_n_databox_name_provider_v.ml NOT suitable. skipped

 do_provider_without_register.sh Figure_tag_all_list_by_figure_context_databox_tag_provider_v.ml force

 less Figure_tag_all_list_by_figure_context_databox_tag_provider_v.ml
 diff Figure_tag_all_list_by_figure_context_databox_tag_provider_v.ml KEEP/Figure_tag_all_list_by_figure_context_databox_tag_provider_v.ml
 make Figure_tag_all_list_by_figure_context_databox_tag_provider_v.cmo

 do_provider_without_register.sh Figure_tag_subtree_by_figure_tag_provider_v.ml force

SKIPPING do_provider_without_register.sh Figure_tag_subtree_by_figure_tag_provider_v.ml found 1 Registers

 do_provider_without_register.sh Figure_tag_tree_by_database_name_n_databox_name_provider_v.ml force

SKIPPING do_provider_without_register.sh Figure_tag_tree_by_database_name_n_databox_name_provider_v.ml found 1 Registers

 do_provider_without_register.sh Figure_tag_tree_by_figure_context_databox_tag_provider_v.ml force

 less Figure_tag_tree_by_figure_context_databox_tag_provider_v.ml
 diff Figure_tag_tree_by_figure_context_databox_tag_provider_v.ml KEEP/Figure_tag_tree_by_figure_context_databox_tag_provider_v.ml
 make Figure_tag_tree_by_figure_context_databox_tag_provider_v.cmo

 do_provider_without_register.sh Son_figure_tag_list_by_father_figure_tag_provider_v.ml force

SKIPPING do_provider_without_register.sh Son_figure_tag_list_by_father_figure_tag_provider_v.ml found 1 Registers

do_extractor.sh Figure_any_category_by_sole_index_extractor_v.ml

 less Figure_any_category_by_sole_index_extractor_v.ml
 diff Figure_any_category_by_sole_index_extractor_v.ml KEEP/Figure_any_category_by_sole_index_extractor_v.ml
 make Figure_any_category_by_sole_index_extractor_v.cmo

 do_provider_tag_all_list_by_database_name_n_databox_name.sh Figure_tag_all_list_by_database_name_n_databox_name_provider_v.ml

 less Figure_tag_all_list_by_database_name_n_databox_name_provider_v.ml
 make Figure_tag_all_list_by_database_name_n_databox_name_provider_v.cmo

do_provider_tag_all_list_by_dddd_context_databox_tag.sh Figure_tag_all_list_by_figure_context_databox_tag_provider_v.ml

ERROR do_provider_tag_all_list_by_dddd_context_databox_tag.sh Figure_tag_all_list_by_figure_context_databox_tag_provider_v.ml
ERROR register NOT in files_mli.mk
ERROR include Figure_tag_all_list_by_figure_context_databox_tag_register_v.mli \
 make compile
