body_coordinate_tuple_heterogeneous_cylindrical
body_coordinate_tuple_heterogeneous_polar
body_coordinate_tuple_heterogeneous_spherical
body_coordinate_tuple_heterogeneous
body_coordinate_tuple_homogeneous_cartesian
body_coordinate_tuple_homogeneous_linear
body_coordinate_tuple_homogeneous_planar
body_coordinate_tuple_homogeneous
body_coordinate_tuple
body_parameter_tuple_aopef
body_parameter_tuple_ecppef
body_parameter_tuple
body
context_database
context_databox
context_domain
context_sector
context
fence_coordinate_heterogeneous_cylindrical_phi
fence_coordinate_heterogeneous_cylindrical_rho
fence_coordinate_heterogeneous_cylindrical
fence_coordinate_heterogeneous_cylindrical_zed
fence_coordinate_heterogeneous_polar_rho
fence_coordinate_heterogeneous_polar
fence_coordinate_heterogeneous_polar_theta
fence_coordinate_heterogeneous_spherical_phi
fence_coordinate_heterogeneous_spherical_rho
fence_coordinate_heterogeneous_spherical
fence_coordinate_heterogeneous_spherical_theta
fence_coordinate_heterogeneous
fence_coordinate_homogeneous_cartesian
fence_coordinate_homogeneous_cartesian_x
fence_coordinate_homogeneous_cartesian_y
fence_coordinate_homogeneous_cartesian_z
fence_coordinate_homogeneous_linear
fence_coordinate_homogeneous_linear_x
fence_coordinate_homogeneous_planar
fence_coordinate_homogeneous_planar_x
fence_coordinate_homogeneous_planar_y
fence_coordinate_homogeneous
fence_coordinate
fence_parameter_aopef_coefficient
fence_parameter_aopef_exponent
fence_parameter_aopef
fence_parameter_ecppef_coefficient
fence_parameter_ecppef_exponent
fence_parameter_ecppef
fence_parameter
fence
