context_database
context_databox
context_domain
context_sector
context
comment_aoemsl
comment_authorname_many
comment_authorname_one
comment_authorname
comment_authorname_two
comment_dashedline
comment_dashed
comment_elementline_many
comment_elementline_one
comment_elementline
comment_header
comment_journalreference
comment_reference
comment
set_body_directive
set_body_keyword
set_body_node_aobasis_block
set_body_node_aocomment_block
set_body_node_aoset_anycenter_block
set_body_node_aoset_anyshell_block
set_body_node_aoset_block
set_body_node_aoset_center_contraction_image
set_body_node_aoset_center_contraction_scheme
set_body_node_aoset_definition
set_body_node_aoset_numericalvalues_block
set_body_node_aoset_numericalvalues
set_body_node_aoset_onecenter_block
set_body_node_aoset_oneshell_block
set_body_node_aoset
set_body_node_center_n_shellname
set_body_node_comment_block
set_body_node_comment_reference_block
set_body_node_datanamefile
set_body_node_ecpbasis_block
set_body_node_ecpset_anycenter_block
set_body_node_ecpset_anyshell_block
set_body_node_ecpset_block
set_body_node_ecpset_definition
set_body_node_ecpset_electronnumber
set_body_node_ecpset_numericalvalues_block
set_body_node_ecpset_numericalvalues
set_body_node_ecpset_onecenter_block
set_body_node_ecpset_oneshell_block
set_body_node_ecpset
set_body_node_hash_databox
set_body_node_positiveinteger_n_shellname
set_body_node_shell_contraction
set_body_node_shell_expansion
set_body_node_shell
set_body_node
set_body
set_body_variable_angularfunction_cartesian
set_body_variable_angularfunction_spherical
set_body_variable_angularfunction
set_body_variable_angularmomentum
set_body_variable_ao_contracted
set_body_variable_aos_at_c_n
set_body_variable_aos_at_c
set_body_variable_ao_single
set_body_variable_aos
set_body_variable_ao
set_body_variable_centername
set_body_variable_coefficient
set_body_variable_databox_name
set_body_variable_dummy_center
set_body_variable_exponent_n_coefficient
set_body_variable_exponent
set_body_variable_generalcontraction_coefficientcolumn
set_body_variable_generalcontraction_shellset
set_body_variable_generalcontraction
set_body_variable_localname_dataname
set_body_variable_localname_ecpset
set_body_variable_localname
set_body_variable_mendeleievsymbol
set_body_variable_name
set_body_variable_radialfunction
set_body_variable_shellname_extended
set_body_variable_shellname_relativistic
set_body_variable_shellname
set_body_variable_shellname_usual
set_body_variable
set_body_variable_version
set_fence_float_negative
set_fence_float_nonnegative
set_fence_float_positive
set_fence_float
set_fence_integer_negative
set_fence_integer_nonnegative
set_fence_integer_positive
set_fence_integer
set_fence_string
set_fence
set
