context_domain
context_inputbase
context_inputbox
context_sector
context
set_body_block_cofactor
set_body_block_define
set_body_block_print
set_body_block_read
set_body_block_set_alternative
set_body_block_set
set_body_block
set_body_block_title
set_body_block_variable_context
set_body_block_variable_external
set_body_block_variable_operator
set_body_block_variable_target
set_body_block_write
set_body_box
set_body_box_type
set_body_box_units
set_body_handle_cofactor
set_body_handle_command_creation_define
set_body_handle_command_creation_read
set_body_handle_command_creation_set
set_body_handle_command_creation
set_body_handle_command_creation_title
set_body_handle_command
set_body_handle_command_tounit_print
set_body_handle_command_tounit
set_body_handle_command_tounit_write
set_body_handle
set_body_handle_variable_context
set_body_handle_variable_external
set_body_handle_variable_kind
set_body_handle_variable_operator
set_body_handle_variable_target
set_body_list
set_body_list_variable_name_external
set_body_list_variable_type
set_body
set_fence_basic_float
set_fence_basic_integer
set_fence_basic_numerical
set_fence_basic_word_anycase
set_fence_basic_word_capitalized
set_fence_basic_word_lowercase
set_fence_basic_word
set_fence_basic_word_uppercase
set_fence_cell_category
set_fence_cell_cofactor_basic
set_fence_cell_cofactor_entity
set_fence_cell_context
set_fence_cell_database
set_fence_cell_databox
set_fence_cell_domain
set_fence_cell_external_context
set_fence_cell_external_name
set_fence_cell_external_variable
set_fence_cell_file
set_fence_cell_function
set_fence_cell_module
set_fence_cell_ondomain
set_fence_cell_operation
set_fence_cell_sector
set_fence_cell
set_fence_cell_target_operand
set_fence_cell_target_operator
set_fence_keyword_command_define
set_fence_keyword_command_print
set_fence_keyword_command_read
set_fence_keyword_command_set
set_fence_keyword_command_stop
set_fence_keyword_command
set_fence_keyword_command_title
set_fence_keyword_command_write
set_fence_keyword
set_fence_keyword_variable_kind_context
set_fence_keyword_variable_kind_external
set_fence_keyword_variable_kind_operator
set_fence_keyword_variable_kind
set_fence_keyword_variable_kind_target
set_fence_keyword_word_category
set_fence_keyword_word_cofactor_basic
set_fence_keyword_word_cofactor_entity
set_fence_keyword_word_cofactor
set_fence_keyword_word_context
set_fence_keyword_word_cpu
set_fence_keyword_word_database
set_fence_keyword_word_databox
set_fence_keyword_word_debug
set_fence_keyword_word_domain
set_fence_keyword_word_end
set_fence_keyword_word_external_context
set_fence_keyword_word_file
set_fence_keyword_word_module
set_fence_keyword_word_name
set_fence_keyword_word_ondomain
set_fence_keyword_word_operation
set_fence_keyword_word_operator
set_fence_keyword_word_sector
set_fence_keyword_word_statistics
set_fence_keyword_word
set_fence_keyword_word_type
set_fence_keyword_word_units
set_fence
set_fence_variable_kind_context
set_fence_variable_kind_entity_external
set_fence_variable_kind_entity_implicit
set_fence_variable_kind_entity
set_fence_variable_kind_entity_target
set_fence_variable_kind_operator
set_fence_variable_kind
set_fence_variable_name_context
set_fence_variable_name_entity_external
set_fence_variable_name_entity_implicit
set_fence_variable_name_entity
set_fence_variable_name_entity_target
set_fence_variable_name_operator
set_fence_variable_name
set
