SKIPPING do_translator.sh : file Elementary_aopef_name_n_nwchem_aopef_name_list_by_nwchem_body_node_as_aoset_onecenter_block_tag_translator_v.ml already done. skipped
SKIPPING do_translator.sh : file Elementary_as_body_coordinate_tuple_symbol_subtree_from_db1figure_as_body_sequence_float_tag_subtree_translator_v.ml already done. skipped
SKIPPING do_translator.sh : file Elementary_string_off_list_by_nwchem_body_node_aoset_numerical_values_string_off_list_translator_v.ml already done. skipped

do_register.sh Database_name_n_databox_name_by_elementary_context_databox_tag_register_v.ml

 less Database_name_n_databox_name_by_elementary_context_databox_tag_register_v.ml
 diff Database_name_n_databox_name_by_elementary_context_databox_tag_register_v.ml KEEP/Database_name_n_databox_name_by_elementary_context_databox_tag_register_v.ml
 make Database_name_n_databox_name_by_elementary_context_databox_tag_register_v.cmo

do_register.sh Elementary_as_context_databox_tag_by_elementary_tag_register_v.ml

 less Elementary_as_context_databox_tag_by_elementary_tag_register_v.ml
 diff Elementary_as_context_databox_tag_by_elementary_tag_register_v.ml KEEP/Elementary_as_context_databox_tag_by_elementary_tag_register_v.ml
 make Elementary_as_context_databox_tag_by_elementary_tag_register_v.cmo

do_register.sh Elementary_body_parameter_tuple_tag_border_by_elementary_tag_register_v.ml

 less Elementary_body_parameter_tuple_tag_border_by_elementary_tag_register_v.ml
 diff Elementary_body_parameter_tuple_tag_border_by_elementary_tag_register_v.ml KEEP/Elementary_body_parameter_tuple_tag_border_by_elementary_tag_register_v.ml
 make Elementary_body_parameter_tuple_tag_border_by_elementary_tag_register_v.cmo

do_register.sh Elementary_border_by_elementary_tag_register_v.ml

 less Elementary_border_by_elementary_tag_register_v.ml
 diff Elementary_border_by_elementary_tag_register_v.ml KEEP/Elementary_border_by_elementary_tag_register_v.ml
 make Elementary_border_by_elementary_tag_register_v.cmo

do_register.sh Elementary_context_databox_tag_by_elementary_tag_register_v.ml

 less Elementary_context_databox_tag_by_elementary_tag_register_v.ml
 diff Elementary_context_databox_tag_by_elementary_tag_register_v.ml KEEP/Elementary_context_databox_tag_by_elementary_tag_register_v.ml
 make Elementary_context_databox_tag_by_elementary_tag_register_v.cmo

do_register.sh Elementary_creation_module_name_by_sole_index_register_v.ml

 less Elementary_creation_module_name_by_sole_index_register_v.ml
 diff Elementary_creation_module_name_by_sole_index_register_v.ml KEEP/Elementary_creation_module_name_by_sole_index_register_v.ml
 make Elementary_creation_module_name_by_sole_index_register_v.cmo

do_register.sh Elementary_fence_by_elementary_tag_register_v.ml

 less Elementary_fence_by_elementary_tag_register_v.ml
 diff Elementary_fence_by_elementary_tag_register_v.ml KEEP/Elementary_fence_by_elementary_tag_register_v.ml
 make Elementary_fence_by_elementary_tag_register_v.cmo

do_register.sh Elementary_string_off_by_nwchem_body_node_aoset_numerical_values_string_off_register_v.ml

 less Elementary_string_off_by_nwchem_body_node_aoset_numerical_values_string_off_register_v.ml
 diff Elementary_string_off_by_nwchem_body_node_aoset_numerical_values_string_off_register_v.ml KEEP/Elementary_string_off_by_nwchem_body_node_aoset_numerical_values_string_off_register_v.ml
 make Elementary_string_off_by_nwchem_body_node_aoset_numerical_values_string_off_register_v.cmo

do_register.sh Elementary_symbol_by_sole_index_register_v.ml

 less Elementary_symbol_by_sole_index_register_v.ml
 diff Elementary_symbol_by_sole_index_register_v.ml KEEP/Elementary_symbol_by_sole_index_register_v.ml
 make Elementary_symbol_by_sole_index_register_v.cmo

do_register.sh Elementary_tag_all_list_by_database_name_n_databox_name_register_v.ml

 less Elementary_tag_all_list_by_database_name_n_databox_name_register_v.ml
 diff Elementary_tag_all_list_by_database_name_n_databox_name_register_v.ml KEEP/Elementary_tag_all_list_by_database_name_n_databox_name_register_v.ml
 make Elementary_tag_all_list_by_database_name_n_databox_name_register_v.cmo

do_register.sh Elementary_tag_all_list_by_elementary_context_databox_figuredata_tag_register_v.ml

 less Elementary_tag_all_list_by_elementary_context_databox_figuredata_tag_register_v.ml
 diff Elementary_tag_all_list_by_elementary_context_databox_figuredata_tag_register_v.ml KEEP/Elementary_tag_all_list_by_elementary_context_databox_figuredata_tag_register_v.ml
 make Elementary_tag_all_list_by_elementary_context_databox_figuredata_tag_register_v.cmo

do_register.sh Elementary_tag_all_list_by_elementary_context_databox_skeletondata_tag_register_v.ml

 less Elementary_tag_all_list_by_elementary_context_databox_skeletondata_tag_register_v.ml
 diff Elementary_tag_all_list_by_elementary_context_databox_skeletondata_tag_register_v.ml KEEP/Elementary_tag_all_list_by_elementary_context_databox_skeletondata_tag_register_v.ml
 make Elementary_tag_all_list_by_elementary_context_databox_skeletondata_tag_register_v.cmo

do_register.sh Elementary_tag_all_list_by_elementary_context_databox_tag_register_v.ml

 less Elementary_tag_all_list_by_elementary_context_databox_tag_register_v.ml
 diff Elementary_tag_all_list_by_elementary_context_databox_tag_register_v.ml KEEP/Elementary_tag_all_list_by_elementary_context_databox_tag_register_v.ml
 make Elementary_tag_all_list_by_elementary_context_databox_tag_register_v.cmo

do_register.sh Elementary_tag_all_list_by_elementary_context_domain_tag_register_v.ml

 less Elementary_tag_all_list_by_elementary_context_domain_tag_register_v.ml
 diff Elementary_tag_all_list_by_elementary_context_domain_tag_register_v.ml KEEP/Elementary_tag_all_list_by_elementary_context_domain_tag_register_v.ml
 make Elementary_tag_all_list_by_elementary_context_domain_tag_register_v.cmo

do_register.sh Elementary_tag_subtree_by_elementary_tag_register_v.ml

 less Elementary_tag_subtree_by_elementary_tag_register_v.ml
 diff Elementary_tag_subtree_by_elementary_tag_register_v.ml KEEP/Elementary_tag_subtree_by_elementary_tag_register_v.ml
 make Elementary_tag_subtree_by_elementary_tag_register_v.cmo

do_register.sh Elementary_tag_tree_by_elementary_context_databox_tag_register_v.ml

 less Elementary_tag_tree_by_elementary_context_databox_tag_register_v.ml
 diff Elementary_tag_tree_by_elementary_context_databox_tag_register_v.ml KEEP/Elementary_tag_tree_by_elementary_context_databox_tag_register_v.ml
 make Elementary_tag_tree_by_elementary_context_databox_tag_register_v.cmo

do_register.sh Measure_by_elementary_fence_units_actual_tag_register_v.ml

 less Measure_by_elementary_fence_units_actual_tag_register_v.ml
 diff Measure_by_elementary_fence_units_actual_tag_register_v.ml KEEP/Measure_by_elementary_fence_units_actual_tag_register_v.ml
 make Measure_by_elementary_fence_units_actual_tag_register_v.cmo

do_register.sh Readee_basic_by_elementary_fence_basic_tag_register_v.ml

 less Readee_basic_by_elementary_fence_basic_tag_register_v.ml
 diff Readee_basic_by_elementary_fence_basic_tag_register_v.ml KEEP/Readee_basic_by_elementary_fence_basic_tag_register_v.ml
 make Readee_basic_by_elementary_fence_basic_tag_register_v.cmo

do_register.sh Readee_basic_by_elementary_fence_tag_register_v.ml

 less Readee_basic_by_elementary_fence_tag_register_v.ml
 diff Readee_basic_by_elementary_fence_tag_register_v.ml KEEP/Readee_basic_by_elementary_fence_tag_register_v.ml
 make Readee_basic_by_elementary_fence_tag_register_v.cmo

do_register.sh Readee_by_elementary_fence_tag_register_v.ml

 less Readee_by_elementary_fence_tag_register_v.ml
 diff Readee_by_elementary_fence_tag_register_v.ml KEEP/Readee_by_elementary_fence_tag_register_v.ml
 make Readee_by_elementary_fence_tag_register_v.cmo

do_register.sh Son_elementary_tag_list_by_father_elementary_tag_register_v.ml

 less Son_elementary_tag_list_by_father_elementary_tag_register_v.ml
 diff Son_elementary_tag_list_by_father_elementary_tag_register_v.ml KEEP/Son_elementary_tag_list_by_father_elementary_tag_register_v.ml
 make Son_elementary_tag_list_by_father_elementary_tag_register_v.cmo

do_provider_with_register.sh Database_name_n_databox_name_by_elementary_context_databox_tag_provider_v.ml

not a tag_all_list_by
 less Database_name_n_databox_name_by_elementary_context_databox_tag_provider_v.ml
 make Database_name_n_databox_name_by_elementary_context_databox_tag_provider_v.cmo

do_provider_with_register.sh Elementary_aopef_name_n_nwchem_aopef_name_list_by_center_name_provider_v.ml

not a tag_all_list_by
SKIPPING do_provider_with_register.sh Elementary_aopef_name_n_nwchem_aopef_name_list_by_center_name_provider_v.ml : No Register in Header of Elementary_aopef_name_n_nwchem_aopef_name_list_by_center_name_provider_v.ml

do_provider_with_register.sh Elementary_as_context_database_tag_by_database_name_provider_v.ml

not a tag_all_list_by
SKIPPING do_provider_with_register.sh Elementary_as_context_database_tag_by_database_name_provider_v.ml : No Register in Header of Elementary_as_context_database_tag_by_database_name_provider_v.ml

do_provider_with_register.sh Elementary_as_context_databox_figuredata_tag_by_database_name_n_databox_name_provider_v.ml

not a tag_all_list_by
SKIPPING do_provider_with_register.sh Elementary_as_context_databox_figuredata_tag_by_database_name_n_databox_name_provider_v.ml : No Register in Header of Elementary_as_context_databox_figuredata_tag_by_database_name_n_databox_name_provider_v.ml

do_provider_with_register.sh Elementary_as_context_databox_skeletondata_tag_by_database_name_n_databox_name_provider_v.ml

not a tag_all_list_by
SKIPPING do_provider_with_register.sh Elementary_as_context_databox_skeletondata_tag_by_database_name_n_databox_name_provider_v.ml : No Register in Header of Elementary_as_context_databox_skeletondata_tag_by_database_name_n_databox_name_provider_v.ml

do_provider_with_register.sh Elementary_as_context_databox_tag_by_database_name_n_databox_name_provider_v.ml

not a tag_all_list_by
SKIPPING do_provider_with_register.sh Elementary_as_context_databox_tag_by_database_name_n_databox_name_provider_v.ml : No Register in Header of Elementary_as_context_databox_tag_by_database_name_n_databox_name_provider_v.ml

do_provider_with_register.sh Elementary_as_context_databox_tag_by_elementary_tag_provider_v.ml

not a tag_all_list_by
SKIPPING do_provider_with_register.sh Elementary_as_context_databox_tag_by_elementary_tag_provider_v.ml : No Register in Header of Elementary_as_context_databox_tag_by_elementary_tag_provider_v.ml

do_provider_with_register.sh Elementary_as_context_domain_tag_by_unit_provider_v.ml

not a tag_all_list_by
SKIPPING do_provider_with_register.sh Elementary_as_context_domain_tag_by_unit_provider_v.ml : No Register in Header of Elementary_as_context_domain_tag_by_unit_provider_v.ml

do_provider_with_register.sh Elementary_as_context_tag_trio_by_db1figure_context_databox_tag_provider_v.ml

not a tag_all_list_by
SKIPPING do_provider_with_register.sh Elementary_as_context_tag_trio_by_db1figure_context_databox_tag_provider_v.ml : No Register in Header of Elementary_as_context_tag_trio_by_db1figure_context_databox_tag_provider_v.ml

do_provider_with_register.sh Elementary_as_context_tag_trio_by_nwchem_context_databox_tag_provider_v.ml

not a tag_all_list_by
SKIPPING do_provider_with_register.sh Elementary_as_context_tag_trio_by_nwchem_context_databox_tag_provider_v.ml : No Register in Header of Elementary_as_context_tag_trio_by_nwchem_context_databox_tag_provider_v.ml

do_provider_with_register.sh Elementary_body_parameter_tuple_tag_border_by_elementary_tag_provider_v.ml

not a tag_all_list_by
 less Elementary_body_parameter_tuple_tag_border_by_elementary_tag_provider_v.ml
 make Elementary_body_parameter_tuple_tag_border_by_elementary_tag_provider_v.cmo

do_provider_with_register.sh Elementary_border_by_elementary_tag_provider_v.ml

not a tag_all_list_by
 less Elementary_border_by_elementary_tag_provider_v.ml
 make Elementary_border_by_elementary_tag_provider_v.cmo

do_provider_with_register.sh Elementary_context_database_tag_by_database_name_provider_v.ml

not a tag_all_list_by
SKIPPING do_provider_with_register.sh Elementary_context_database_tag_by_database_name_provider_v.ml : No Register in Header of Elementary_context_database_tag_by_database_name_provider_v.ml

do_provider_with_register.sh Elementary_context_databox_figuredata_tag_by_database_name_n_databox_name_provider_v.ml

not a tag_all_list_by
SKIPPING do_provider_with_register.sh Elementary_context_databox_figuredata_tag_by_database_name_n_databox_name_provider_v.ml : No Register in Header of Elementary_context_databox_figuredata_tag_by_database_name_n_databox_name_provider_v.ml

do_provider_with_register.sh Elementary_context_databox_skeletondata_tag_by_database_name_n_databox_name_provider_v.ml

not a tag_all_list_by
SKIPPING do_provider_with_register.sh Elementary_context_databox_skeletondata_tag_by_database_name_n_databox_name_provider_v.ml : No Register in Header of Elementary_context_databox_skeletondata_tag_by_database_name_n_databox_name_provider_v.ml

do_provider_with_register.sh Elementary_context_databox_tag_by_database_name_n_databox_name_provider_v.ml

not a tag_all_list_by
SKIPPING do_provider_with_register.sh Elementary_context_databox_tag_by_database_name_n_databox_name_provider_v.ml : No Register in Header of Elementary_context_databox_tag_by_database_name_n_databox_name_provider_v.ml

do_provider_with_register.sh Elementary_context_databox_tag_by_elementary_tag_provider_v.ml

not a tag_all_list_by
 less Elementary_context_databox_tag_by_elementary_tag_provider_v.ml
 make Elementary_context_databox_tag_by_elementary_tag_provider_v.cmo

do_provider_with_register.sh Elementary_context_domain_sole_index_by_unit_provider_v.ml

not a tag_all_list_by
SKIPPING do_provider_with_register.sh Elementary_context_domain_sole_index_by_unit_provider_v.ml : No Register in Header of Elementary_context_domain_sole_index_by_unit_provider_v.ml

do_provider_with_register.sh Elementary_context_domain_tag_by_unit_provider_v.ml

not a tag_all_list_by
SKIPPING do_provider_with_register.sh Elementary_context_domain_tag_by_unit_provider_v.ml : No Register in Header of Elementary_context_domain_tag_by_unit_provider_v.ml

do_provider_with_register.sh Elementary_fence_by_elementary_tag_provider_v.ml

not a tag_all_list_by
 less Elementary_fence_by_elementary_tag_provider_v.ml
 make Elementary_fence_by_elementary_tag_provider_v.cmo

do_provider_with_register.sh Elementary_symbol_by_sole_index_provider_v.ml

not a tag_all_list_by
 less Elementary_symbol_by_sole_index_provider_v.ml
 make Elementary_symbol_by_sole_index_provider_v.cmo

do_provider_with_register.sh Elementary_symbol_subtree_by_db1figure_context_databox_tag_provider_v.ml

not a tag_all_list_by
SKIPPING do_provider_with_register.sh Elementary_symbol_subtree_by_db1figure_context_databox_tag_provider_v.ml : No Register in Header of Elementary_symbol_subtree_by_db1figure_context_databox_tag_provider_v.ml

do_provider_with_register.sh Elementary_symbol_subtree_by_nwchem_context_databox_tag_provider_v.ml

not a tag_all_list_by
SKIPPING do_provider_with_register.sh Elementary_symbol_subtree_by_nwchem_context_databox_tag_provider_v.ml : No Register in Header of Elementary_symbol_subtree_by_nwchem_context_databox_tag_provider_v.ml

do_provider_with_register.sh Elementary_tag_all_list_by_database_name_n_databox_name_provider_v.ml

SKIPPING do_provider_with_register.sh Elementary_tag_all_list_by_database_name_n_databox_name_provider_v.ml skipped

do_provider_with_register.sh Elementary_tag_all_list_by_elementary_context_databox_figuredata_tag_provider_v.ml

not a tag_all_list_by
 less Elementary_tag_all_list_by_elementary_context_databox_figuredata_tag_provider_v.ml
 make Elementary_tag_all_list_by_elementary_context_databox_figuredata_tag_provider_v.cmo

do_provider_with_register.sh Elementary_tag_all_list_by_elementary_context_databox_skeletondata_tag_provider_v.ml

not a tag_all_list_by
 less Elementary_tag_all_list_by_elementary_context_databox_skeletondata_tag_provider_v.ml
 make Elementary_tag_all_list_by_elementary_context_databox_skeletondata_tag_provider_v.cmo

do_provider_with_register.sh Elementary_tag_all_list_by_elementary_context_databox_tag_provider_v.ml

SKIPPING do_provider_with_register.sh Elementary_tag_all_list_by_elementary_context_databox_tag_provider_v.ml skipped

do_provider_with_register.sh Elementary_tag_subtree_by_elementary_tag_provider_v.ml

not a tag_all_list_by
 less Elementary_tag_subtree_by_elementary_tag_provider_v.ml
 make Elementary_tag_subtree_by_elementary_tag_provider_v.cmo

do_provider_with_register.sh Elementary_tag_tree_by_database_name_n_databox_name_provider_v.ml

not a tag_all_list_by
SKIPPING do_provider_with_register.sh Elementary_tag_tree_by_database_name_n_databox_name_provider_v.ml : No Register in Header of Elementary_tag_tree_by_database_name_n_databox_name_provider_v.ml

do_provider_with_register.sh Elementary_tag_tree_by_db1figure_context_databox_tag_provider_v.ml

not a tag_all_list_by
SKIPPING do_provider_with_register.sh Elementary_tag_tree_by_db1figure_context_databox_tag_provider_v.ml : No Register in Header of Elementary_tag_tree_by_db1figure_context_databox_tag_provider_v.ml

do_provider_with_register.sh Elementary_tag_tree_by_elementary_context_databox_figuredata_tag_provider_v.ml

not a tag_all_list_by
SKIPPING do_provider_with_register.sh Elementary_tag_tree_by_elementary_context_databox_figuredata_tag_provider_v.ml : No Register in Header of Elementary_tag_tree_by_elementary_context_databox_figuredata_tag_provider_v.ml

do_provider_with_register.sh Elementary_tag_tree_by_elementary_context_databox_skeletondata_tag_provider_v.ml

not a tag_all_list_by
SKIPPING do_provider_with_register.sh Elementary_tag_tree_by_elementary_context_databox_skeletondata_tag_provider_v.ml : No Register in Header of Elementary_tag_tree_by_elementary_context_databox_skeletondata_tag_provider_v.ml

do_provider_with_register.sh Elementary_tag_tree_by_elementary_context_databox_tag_provider_v.ml

not a tag_all_list_by
 less Elementary_tag_tree_by_elementary_context_databox_tag_provider_v.ml
 make Elementary_tag_tree_by_elementary_context_databox_tag_provider_v.cmo

do_provider_with_register.sh Elementary_tag_tree_by_nwchem_context_databox_tag_provider_v.ml

not a tag_all_list_by
SKIPPING do_provider_with_register.sh Elementary_tag_tree_by_nwchem_context_databox_tag_provider_v.ml : No Register in Header of Elementary_tag_tree_by_nwchem_context_databox_tag_provider_v.ml

do_provider_with_register.sh Measure_by_elementary_fence_units_actual_tag_provider_v.ml

not a tag_all_list_by
 less Measure_by_elementary_fence_units_actual_tag_provider_v.ml
 make Measure_by_elementary_fence_units_actual_tag_provider_v.cmo

do_provider_with_register.sh Measure_by_elementary_fence_units_canonical_tag_provider_v.ml

not a tag_all_list_by
SKIPPING do_provider_with_register.sh Measure_by_elementary_fence_units_canonical_tag_provider_v.ml : No Register in Header of Measure_by_elementary_fence_units_canonical_tag_provider_v.ml

do_provider_with_register.sh Measure_by_elementary_fence_units_tag_provider_v.ml

not a tag_all_list_by
SKIPPING do_provider_with_register.sh Measure_by_elementary_fence_units_tag_provider_v.ml : No Register in Header of Measure_by_elementary_fence_units_tag_provider_v.ml

do_provider_with_register.sh Measure_canonical_by_elementary_fence_units_actual_tag_provider_v.ml

not a tag_all_list_by
SKIPPING do_provider_with_register.sh Measure_canonical_by_elementary_fence_units_actual_tag_provider_v.ml : No Register in Header of Measure_canonical_by_elementary_fence_units_actual_tag_provider_v.ml

do_provider_with_register.sh Measure_canonical_by_elementary_fence_units_canonical_tag_provider_v.ml

not a tag_all_list_by
SKIPPING do_provider_with_register.sh Measure_canonical_by_elementary_fence_units_canonical_tag_provider_v.ml : No Register in Header of Measure_canonical_by_elementary_fence_units_canonical_tag_provider_v.ml

do_provider_with_register.sh Measure_canonical_list_by_elementary_fence_units_actual_tag_provider_v.ml

not a tag_all_list_by
SKIPPING do_provider_with_register.sh Measure_canonical_list_by_elementary_fence_units_actual_tag_provider_v.ml : No Register in Header of Measure_canonical_list_by_elementary_fence_units_actual_tag_provider_v.ml

do_provider_with_register.sh Readee_basic_by_elementary_fence_basic_tag_provider_v.ml

not a tag_all_list_by
 less Readee_basic_by_elementary_fence_basic_tag_provider_v.ml
 make Readee_basic_by_elementary_fence_basic_tag_provider_v.cmo

do_provider_with_register.sh Readee_by_elementary_fence_tag_provider_v.ml

not a tag_all_list_by
 less Readee_by_elementary_fence_tag_provider_v.ml
 make Readee_by_elementary_fence_tag_provider_v.cmo

do_provider_with_register.sh Son_elementary_tag_list_by_father_elementary_tag_provider_v.ml

not a tag_all_list_by
 less Son_elementary_tag_list_by_father_elementary_tag_provider_v.ml
 make Son_elementary_tag_list_by_father_elementary_tag_provider_v.cmo

 do_provider_without_register.sh Database_name_n_databox_name_by_elementary_context_databox_tag_provider_v.ml force

SKIPPING do_provider_without_register.sh Database_name_n_databox_name_by_elementary_context_databox_tag_provider_v.ml found 1 Registers

 do_provider_without_register.sh Elementary_aopef_name_n_nwchem_aopef_name_list_by_center_name_provider_v.ml force

 less Elementary_aopef_name_n_nwchem_aopef_name_list_by_center_name_provider_v.ml
 diff Elementary_aopef_name_n_nwchem_aopef_name_list_by_center_name_provider_v.ml KEEP/Elementary_aopef_name_n_nwchem_aopef_name_list_by_center_name_provider_v.ml
 make Elementary_aopef_name_n_nwchem_aopef_name_list_by_center_name_provider_v.cmo

 do_provider_without_register.sh Elementary_as_context_database_tag_by_database_name_provider_v.ml force

 less Elementary_as_context_database_tag_by_database_name_provider_v.ml
 diff Elementary_as_context_database_tag_by_database_name_provider_v.ml KEEP/Elementary_as_context_database_tag_by_database_name_provider_v.ml
 make Elementary_as_context_database_tag_by_database_name_provider_v.cmo

 do_provider_without_register.sh Elementary_as_context_databox_figuredata_tag_by_database_name_n_databox_name_provider_v.ml force

 less Elementary_as_context_databox_figuredata_tag_by_database_name_n_databox_name_provider_v.ml
 diff Elementary_as_context_databox_figuredata_tag_by_database_name_n_databox_name_provider_v.ml KEEP/Elementary_as_context_databox_figuredata_tag_by_database_name_n_databox_name_provider_v.ml
 make Elementary_as_context_databox_figuredata_tag_by_database_name_n_databox_name_provider_v.cmo

 do_provider_without_register.sh Elementary_as_context_databox_skeletondata_tag_by_database_name_n_databox_name_provider_v.ml force

 less Elementary_as_context_databox_skeletondata_tag_by_database_name_n_databox_name_provider_v.ml
 diff Elementary_as_context_databox_skeletondata_tag_by_database_name_n_databox_name_provider_v.ml KEEP/Elementary_as_context_databox_skeletondata_tag_by_database_name_n_databox_name_provider_v.ml
 make Elementary_as_context_databox_skeletondata_tag_by_database_name_n_databox_name_provider_v.cmo

 do_provider_without_register.sh Elementary_as_context_databox_tag_by_database_name_n_databox_name_provider_v.ml force

 less Elementary_as_context_databox_tag_by_database_name_n_databox_name_provider_v.ml
 diff Elementary_as_context_databox_tag_by_database_name_n_databox_name_provider_v.ml KEEP/Elementary_as_context_databox_tag_by_database_name_n_databox_name_provider_v.ml
 make Elementary_as_context_databox_tag_by_database_name_n_databox_name_provider_v.cmo

 do_provider_without_register.sh Elementary_as_context_databox_tag_by_elementary_tag_provider_v.ml force

 less Elementary_as_context_databox_tag_by_elementary_tag_provider_v.ml
 diff Elementary_as_context_databox_tag_by_elementary_tag_provider_v.ml KEEP/Elementary_as_context_databox_tag_by_elementary_tag_provider_v.ml
 make Elementary_as_context_databox_tag_by_elementary_tag_provider_v.cmo

 do_provider_without_register.sh Elementary_as_context_domain_tag_by_unit_provider_v.ml force

 less Elementary_as_context_domain_tag_by_unit_provider_v.ml
 diff Elementary_as_context_domain_tag_by_unit_provider_v.ml KEEP/Elementary_as_context_domain_tag_by_unit_provider_v.ml
 make Elementary_as_context_domain_tag_by_unit_provider_v.cmo

 do_provider_without_register.sh Elementary_as_context_tag_trio_by_db1figure_context_databox_tag_provider_v.ml force

 less Elementary_as_context_tag_trio_by_db1figure_context_databox_tag_provider_v.ml
 diff Elementary_as_context_tag_trio_by_db1figure_context_databox_tag_provider_v.ml KEEP/Elementary_as_context_tag_trio_by_db1figure_context_databox_tag_provider_v.ml
 make Elementary_as_context_tag_trio_by_db1figure_context_databox_tag_provider_v.cmo

 do_provider_without_register.sh Elementary_as_context_tag_trio_by_nwchem_context_databox_tag_provider_v.ml force

 less Elementary_as_context_tag_trio_by_nwchem_context_databox_tag_provider_v.ml
 diff Elementary_as_context_tag_trio_by_nwchem_context_databox_tag_provider_v.ml KEEP/Elementary_as_context_tag_trio_by_nwchem_context_databox_tag_provider_v.ml
 make Elementary_as_context_tag_trio_by_nwchem_context_databox_tag_provider_v.cmo

 do_provider_without_register.sh Elementary_body_parameter_tuple_tag_border_by_elementary_tag_provider_v.ml force

SKIPPING do_provider_without_register.sh Elementary_body_parameter_tuple_tag_border_by_elementary_tag_provider_v.ml found 1 Registers

 do_provider_without_register.sh Elementary_border_by_elementary_tag_provider_v.ml force

SKIPPING do_provider_without_register.sh Elementary_border_by_elementary_tag_provider_v.ml found 1 Registers

 do_provider_without_register.sh Elementary_context_database_tag_by_database_name_provider_v.ml force

 less Elementary_context_database_tag_by_database_name_provider_v.ml
 diff Elementary_context_database_tag_by_database_name_provider_v.ml KEEP/Elementary_context_database_tag_by_database_name_provider_v.ml
 make Elementary_context_database_tag_by_database_name_provider_v.cmo

 do_provider_without_register.sh Elementary_context_databox_figuredata_tag_by_database_name_n_databox_name_provider_v.ml force

 less Elementary_context_databox_figuredata_tag_by_database_name_n_databox_name_provider_v.ml
 diff Elementary_context_databox_figuredata_tag_by_database_name_n_databox_name_provider_v.ml KEEP/Elementary_context_databox_figuredata_tag_by_database_name_n_databox_name_provider_v.ml
 make Elementary_context_databox_figuredata_tag_by_database_name_n_databox_name_provider_v.cmo

 do_provider_without_register.sh Elementary_context_databox_skeletondata_tag_by_database_name_n_databox_name_provider_v.ml force

 less Elementary_context_databox_skeletondata_tag_by_database_name_n_databox_name_provider_v.ml
 diff Elementary_context_databox_skeletondata_tag_by_database_name_n_databox_name_provider_v.ml KEEP/Elementary_context_databox_skeletondata_tag_by_database_name_n_databox_name_provider_v.ml
 make Elementary_context_databox_skeletondata_tag_by_database_name_n_databox_name_provider_v.cmo

 do_provider_without_register.sh Elementary_context_databox_tag_by_database_name_n_databox_name_provider_v.ml force

 less Elementary_context_databox_tag_by_database_name_n_databox_name_provider_v.ml
 diff Elementary_context_databox_tag_by_database_name_n_databox_name_provider_v.ml KEEP/Elementary_context_databox_tag_by_database_name_n_databox_name_provider_v.ml
 make Elementary_context_databox_tag_by_database_name_n_databox_name_provider_v.cmo

 do_provider_without_register.sh Elementary_context_databox_tag_by_elementary_tag_provider_v.ml force

SKIPPING do_provider_without_register.sh Elementary_context_databox_tag_by_elementary_tag_provider_v.ml found 1 Registers

 do_provider_without_register.sh Elementary_context_domain_sole_index_by_unit_provider_v.ml force

 less Elementary_context_domain_sole_index_by_unit_provider_v.ml
 diff Elementary_context_domain_sole_index_by_unit_provider_v.ml KEEP/Elementary_context_domain_sole_index_by_unit_provider_v.ml
 make Elementary_context_domain_sole_index_by_unit_provider_v.cmo

 do_provider_without_register.sh Elementary_context_domain_tag_by_unit_provider_v.ml force

 less Elementary_context_domain_tag_by_unit_provider_v.ml
 diff Elementary_context_domain_tag_by_unit_provider_v.ml KEEP/Elementary_context_domain_tag_by_unit_provider_v.ml
 make Elementary_context_domain_tag_by_unit_provider_v.cmo

 do_provider_without_register.sh Elementary_fence_by_elementary_tag_provider_v.ml force

SKIPPING do_provider_without_register.sh Elementary_fence_by_elementary_tag_provider_v.ml found 1 Registers

 do_provider_without_register.sh Elementary_symbol_by_sole_index_provider_v.ml force

SKIPPING do_provider_without_register.sh Elementary_symbol_by_sole_index_provider_v.ml found 1 Registers

 do_provider_without_register.sh Elementary_symbol_subtree_by_db1figure_context_databox_tag_provider_v.ml force

 less Elementary_symbol_subtree_by_db1figure_context_databox_tag_provider_v.ml
 diff Elementary_symbol_subtree_by_db1figure_context_databox_tag_provider_v.ml KEEP/Elementary_symbol_subtree_by_db1figure_context_databox_tag_provider_v.ml
 make Elementary_symbol_subtree_by_db1figure_context_databox_tag_provider_v.cmo

 do_provider_without_register.sh Elementary_symbol_subtree_by_nwchem_context_databox_tag_provider_v.ml force

 less Elementary_symbol_subtree_by_nwchem_context_databox_tag_provider_v.ml
 diff Elementary_symbol_subtree_by_nwchem_context_databox_tag_provider_v.ml KEEP/Elementary_symbol_subtree_by_nwchem_context_databox_tag_provider_v.ml
 make Elementary_symbol_subtree_by_nwchem_context_databox_tag_provider_v.cmo

 do_provider_without_register.sh Elementary_tag_all_list_by_database_name_n_databox_name_provider_v.ml force

SKIPPING do_provider_without_register.sh Elementary_tag_all_list_by_database_name_n_databox_name_provider_v.ml NOT suitable. skipped

 do_provider_without_register.sh Elementary_tag_all_list_by_elementary_context_databox_figuredata_tag_provider_v.ml force

SKIPPING do_provider_without_register.sh Elementary_tag_all_list_by_elementary_context_databox_figuredata_tag_provider_v.ml found 1 Registers

 do_provider_without_register.sh Elementary_tag_all_list_by_elementary_context_databox_skeletondata_tag_provider_v.ml force

SKIPPING do_provider_without_register.sh Elementary_tag_all_list_by_elementary_context_databox_skeletondata_tag_provider_v.ml found 1 Registers

 do_provider_without_register.sh Elementary_tag_all_list_by_elementary_context_databox_tag_provider_v.ml force

 less Elementary_tag_all_list_by_elementary_context_databox_tag_provider_v.ml
 diff Elementary_tag_all_list_by_elementary_context_databox_tag_provider_v.ml KEEP/Elementary_tag_all_list_by_elementary_context_databox_tag_provider_v.ml
 make Elementary_tag_all_list_by_elementary_context_databox_tag_provider_v.cmo

 do_provider_without_register.sh Elementary_tag_subtree_by_elementary_tag_provider_v.ml force

SKIPPING do_provider_without_register.sh Elementary_tag_subtree_by_elementary_tag_provider_v.ml found 1 Registers

 do_provider_without_register.sh Elementary_tag_tree_by_database_name_n_databox_name_provider_v.ml force

 less Elementary_tag_tree_by_database_name_n_databox_name_provider_v.ml
 diff Elementary_tag_tree_by_database_name_n_databox_name_provider_v.ml KEEP/Elementary_tag_tree_by_database_name_n_databox_name_provider_v.ml
 make Elementary_tag_tree_by_database_name_n_databox_name_provider_v.cmo

 do_provider_without_register.sh Elementary_tag_tree_by_db1figure_context_databox_tag_provider_v.ml force

 less Elementary_tag_tree_by_db1figure_context_databox_tag_provider_v.ml
 diff Elementary_tag_tree_by_db1figure_context_databox_tag_provider_v.ml KEEP/Elementary_tag_tree_by_db1figure_context_databox_tag_provider_v.ml
 make Elementary_tag_tree_by_db1figure_context_databox_tag_provider_v.cmo

 do_provider_without_register.sh Elementary_tag_tree_by_elementary_context_databox_figuredata_tag_provider_v.ml force

 less Elementary_tag_tree_by_elementary_context_databox_figuredata_tag_provider_v.ml
 diff Elementary_tag_tree_by_elementary_context_databox_figuredata_tag_provider_v.ml KEEP/Elementary_tag_tree_by_elementary_context_databox_figuredata_tag_provider_v.ml
 make Elementary_tag_tree_by_elementary_context_databox_figuredata_tag_provider_v.cmo

 do_provider_without_register.sh Elementary_tag_tree_by_elementary_context_databox_skeletondata_tag_provider_v.ml force

 less Elementary_tag_tree_by_elementary_context_databox_skeletondata_tag_provider_v.ml
 diff Elementary_tag_tree_by_elementary_context_databox_skeletondata_tag_provider_v.ml KEEP/Elementary_tag_tree_by_elementary_context_databox_skeletondata_tag_provider_v.ml
 make Elementary_tag_tree_by_elementary_context_databox_skeletondata_tag_provider_v.cmo

 do_provider_without_register.sh Elementary_tag_tree_by_elementary_context_databox_tag_provider_v.ml force

SKIPPING do_provider_without_register.sh Elementary_tag_tree_by_elementary_context_databox_tag_provider_v.ml found 1 Registers

 do_provider_without_register.sh Elementary_tag_tree_by_nwchem_context_databox_tag_provider_v.ml force

 less Elementary_tag_tree_by_nwchem_context_databox_tag_provider_v.ml
 diff Elementary_tag_tree_by_nwchem_context_databox_tag_provider_v.ml KEEP/Elementary_tag_tree_by_nwchem_context_databox_tag_provider_v.ml
 make Elementary_tag_tree_by_nwchem_context_databox_tag_provider_v.cmo

 do_provider_without_register.sh Measure_by_elementary_fence_units_actual_tag_provider_v.ml force

SKIPPING do_provider_without_register.sh Measure_by_elementary_fence_units_actual_tag_provider_v.ml found 1 Registers

 do_provider_without_register.sh Measure_by_elementary_fence_units_canonical_tag_provider_v.ml force

 less Measure_by_elementary_fence_units_canonical_tag_provider_v.ml
 diff Measure_by_elementary_fence_units_canonical_tag_provider_v.ml KEEP/Measure_by_elementary_fence_units_canonical_tag_provider_v.ml
 make Measure_by_elementary_fence_units_canonical_tag_provider_v.cmo

 do_provider_without_register.sh Measure_by_elementary_fence_units_tag_provider_v.ml force

 less Measure_by_elementary_fence_units_tag_provider_v.ml
 diff Measure_by_elementary_fence_units_tag_provider_v.ml KEEP/Measure_by_elementary_fence_units_tag_provider_v.ml
 make Measure_by_elementary_fence_units_tag_provider_v.cmo

 do_provider_without_register.sh Measure_canonical_by_elementary_fence_units_actual_tag_provider_v.ml force

 less Measure_canonical_by_elementary_fence_units_actual_tag_provider_v.ml
 diff Measure_canonical_by_elementary_fence_units_actual_tag_provider_v.ml KEEP/Measure_canonical_by_elementary_fence_units_actual_tag_provider_v.ml
 make Measure_canonical_by_elementary_fence_units_actual_tag_provider_v.cmo

 do_provider_without_register.sh Measure_canonical_by_elementary_fence_units_canonical_tag_provider_v.ml force

 less Measure_canonical_by_elementary_fence_units_canonical_tag_provider_v.ml
 diff Measure_canonical_by_elementary_fence_units_canonical_tag_provider_v.ml KEEP/Measure_canonical_by_elementary_fence_units_canonical_tag_provider_v.ml
 make Measure_canonical_by_elementary_fence_units_canonical_tag_provider_v.cmo

 do_provider_without_register.sh Measure_canonical_list_by_elementary_fence_units_actual_tag_provider_v.ml force

 less Measure_canonical_list_by_elementary_fence_units_actual_tag_provider_v.ml
 diff Measure_canonical_list_by_elementary_fence_units_actual_tag_provider_v.ml KEEP/Measure_canonical_list_by_elementary_fence_units_actual_tag_provider_v.ml
 make Measure_canonical_list_by_elementary_fence_units_actual_tag_provider_v.cmo

 do_provider_without_register.sh Readee_basic_by_elementary_fence_basic_tag_provider_v.ml force

SKIPPING do_provider_without_register.sh Readee_basic_by_elementary_fence_basic_tag_provider_v.ml found 1 Registers

 do_provider_without_register.sh Readee_by_elementary_fence_tag_provider_v.ml force

SKIPPING do_provider_without_register.sh Readee_by_elementary_fence_tag_provider_v.ml found 1 Registers

 do_provider_without_register.sh Son_elementary_tag_list_by_father_elementary_tag_provider_v.ml force

SKIPPING do_provider_without_register.sh Son_elementary_tag_list_by_father_elementary_tag_provider_v.ml found 1 Registers

do_extractor.sh Elementary_any_category_by_sole_index_extractor_v.ml

 less Elementary_any_category_by_sole_index_extractor_v.ml
 diff Elementary_any_category_by_sole_index_extractor_v.ml KEEP/Elementary_any_category_by_sole_index_extractor_v.ml
 make Elementary_any_category_by_sole_index_extractor_v.cmo

 do_provider_tag_all_list_by_database_name_n_databox_name.sh Elementary_tag_all_list_by_database_name_n_databox_name_provider_v.ml

 less Elementary_tag_all_list_by_database_name_n_databox_name_provider_v.ml
 make Elementary_tag_all_list_by_database_name_n_databox_name_provider_v.cmo

do_provider_tag_all_list_by_dddd_context_databox_tag.sh Elementary_tag_all_list_by_elementary_context_databox_tag_provider_v.ml

 less Elementary_tag_all_list_by_elementary_context_databox_tag_provider_v.ml
 make Elementary_tag_all_list_by_elementary_context_databox_tag_provider_v.cmo
 make compile
