context_database
context_databox
context_domain
context_sector
context
set_body_centered_aopefset_anycenter
set_body_centered_aopefset_onecenter
set_body_centered_aopefset_shellordinal
set_body_centered_aopefset_shellsymmetry
set_body_centered_aopefset
set_body_centered_ecppefset
set_body_centered
set_body_periodic_blochwaveset
set_body_periodic
set_body_periodic_waveletset
set_body
set_fence_centered_aopef
set_fence_centered_ecppef
set_fence_centered
set_fence_periodic_blochwave
set_fence_periodic
set_fence_periodic_wavelet
set_fence
set
