command_body_debug
command_body_set
command_body
command_body_title
command_body_trace
command
context_domain
context_inputbase
context_inputbox
context_sector
context
operand_body
operand_body_target_calculated
operand_body_target_created
operand_body_target_measured
operand_body_target
operand_fence_external
operand_fence
operand
operator_fence_creation
operator_fence_creation_tobasic
operator_fence_creation_toentity
operator_fence_creation_tomeasure
operator_fence
operator_fence_tounit_print
operator_fence_tounit
operator_fence_tounit_write
operator
target_body_implicit
target_body_implicit_tounit
target_body
target
