fence_units_canonical
context_databox_figuredata
context_databox_skeletondata
context_databox
context
fence_units_actual_time
body_coordinate_tuple_heterogeneous_cylindrical
body_coordinate_tuple_heterogeneous_polar
body_coordinate_tuple_heterogeneous_spherical
body_coordinate_tuple_heterogeneous
body_coordinate_tuple_homogeneous_cartesian
body_coordinate_tuple_homogeneous_linear
body_coordinate_tuple_homogeneous_planar
body_coordinate_tuple_homogeneous
body_coordinate_tuple
body_parameter_tuple_aopef
body_parameter_tuple_ecppef
body_parameter_tuple
body
border_coordinate_heterogeneous_cylindrical_phi
border_coordinate_heterogeneous_cylindrical_rho
border_coordinate_heterogeneous_cylindrical
border_coordinate_heterogeneous_cylindrical_zed
border_coordinate_heterogeneous_polar_rho
border_coordinate_heterogeneous_polar
border_coordinate_heterogeneous_polar_theta
border_coordinate_heterogeneous_spherical_phi
border_coordinate_heterogeneous_spherical_rho
border_coordinate_heterogeneous_spherical
border_coordinate_heterogeneous_spherical_theta
border_coordinate_heterogeneous
border_coordinate_homogeneous_cartesian
border_coordinate_homogeneous_cartesian_x
border_coordinate_homogeneous_cartesian_y
border_coordinate_homogeneous_cartesian_z
border_coordinate_homogeneous_linear
border_coordinate_homogeneous_linear_x
border_coordinate_homogeneous_planar
border_coordinate_homogeneous_planar_x
border_coordinate_homogeneous_planar_y
border_coordinate_homogeneous
border_coordinate
border_parameter_aopef_coefficient
border_parameter_aopef_exponent
border_parameter_aopef
border_parameter_ecppef_coefficient
border_parameter_ecppef_exponent
border_parameter_ecppef
border_parameter
border
context_database
context_domain
fence_basic_boolean
fence_basic_float
fence_basic_integer
fence_basic_string
fence_basic
fence_color
fence
fence_units_actual_action
fence_units_actual_angle
fence_units_actual_charge
fence_units_actual_energy
fence_units_actual_length
fence_units_actual_mass
fence_units_actual_none
fence_units_actual
fence_units_actual_temperature
fence_units_canonical_classical
fence_units_canonical_quantum
fence_units
