context_database
context_databox
context_domain
context_sector
context
set_body
set_body_tuple_heterogeneous_cylindrical
set_body_tuple_heterogeneous_polar
set_body_tuple_heterogeneous_spherical
set_body_tuple_heterogeneous
set_body_tuple_homogeneous_cartesian
set_body_tuple_homogeneous_linear
set_body_tuple_homogeneous_planar
set_body_tuple_homogeneous
set_body_tuple
set_fence_heterogeneous_cylindrical_phi
set_fence_heterogeneous_cylindrical_rho
set_fence_heterogeneous_cylindrical
set_fence_heterogeneous_cylindrical_zed
set_fence_heterogeneous_polar_rho
set_fence_heterogeneous_polar
set_fence_heterogeneous_polar_theta
set_fence_heterogeneous_spherical_phi
set_fence_heterogeneous_spherical_rho
set_fence_heterogeneous_spherical
set_fence_heterogeneous_spherical_theta
set_fence_heterogeneous
set_fence_homogeneous_cartesian
set_fence_homogeneous_cartesian_x
set_fence_homogeneous_cartesian_y
set_fence_homogeneous_cartesian_z
set_fence_homogeneous_linear
set_fence_homogeneous_linear_x
set_fence_homogeneous_planar
set_fence_homogeneous_planar_x
set_fence_homogeneous_planar_y
set_fence_homogeneous
set_fence
set
