/keep/sources/ocaml_top/setup/frames/internalsector/elementaryset/elementaryset_databases/Measure_actual_by_elementary_fence_units_actual_tag_provider_v.ml
/keep/sources/ocaml_top/setup/frames/internalsector/elementaryset/elementaryset_databases/Measure_actual_by_elementary_fence_units_actual_tag_register_v.ml
/keep/sources/ocaml_top/setup/frames/internalsector/elementaryset/elementaryset_databases/Measure_actual_by_elementary_fence_units_tag_provider_v.ml
/keep/sources/ocaml_top/setup/frames/internalsector/elementaryset/elementaryset_databases/Measure_by_elementary_fence_units_actual_tag_provider_v.ml
/keep/sources/ocaml_top/setup/frames/internalsector/elementaryset/elementaryset_databases/Measure_by_elementary_fence_units_actual_tag_register_v.ml
/keep/sources/ocaml_top/setup/frames/internalsector/elementaryset/elementaryset_databases/Measure_by_elementary_fence_units_canonical_tag_provider_v.ml
/keep/sources/ocaml_top/setup/frames/internalsector/elementaryset/elementaryset_databases/Measure_by_elementary_fence_units_tag_provider_v.ml
/keep/sources/ocaml_top/setup/frames/internalsector/elementaryset/elementaryset_databases/Measure_canonical_by_calculation_name_n_elementary_fence_units_actual_tag_provider_v.ml
/keep/sources/ocaml_top/setup/frames/internalsector/elementaryset/elementaryset_databases/Measure_canonical_by_elementary_fence_units_actual_tag_provider_v.ml
/keep/sources/ocaml_top/setup/frames/internalsector/elementaryset/elementaryset_databases/Measure_canonical_by_elementary_fence_units_canonical_tag_provider_v.ml
/keep/sources/ocaml_top/setup/frames/internalsector/elementaryset/elementaryset_databases/Measure_canonical_by_elementary_fence_units_canonical_tag_register_v.ml
/keep/sources/ocaml_top/setup/frames/internalsector/elementaryset/elementaryset_databases/Measure_canonical_list_by_calculation_name_n_elementary_fence_units_actual_tag_provider_v.ml
/keep/sources/ocaml_top/setup/frames/internalsector/elementaryset/elementaryset_databases_basics/Measure_by_elementary_fence_units_tag_provider_v.ml
/keep/sources/ocaml_top/setup/frames/internalsector/elementaryset/elementaryset_databases_basics/Measure_by_elementary_fence_units_tag_register_v.ml
/keep/sources/ocaml_top/setup/frames/internalsector/elementaryset/elementaryset_databases_basics/Measure_canonical_by_elementary_fence_units_tag_provider_v.ml
/keep/sources/ocaml_top/setup/frames/internalsector/elementaryset/elementaryset_databases_basics/Measure_canonical_list_by_elementary_fence_units_tag_provider_v.ml
/keep/sources/ocaml_top/setup/frames/internalsector/elementaryset/elementaryset_databases_basics/Measure_list_by_elementary_fence_units_tag_provider_v.ml
/keep/sources/ocaml_top/setup/frames/internalsector/elementaryset/elementaryset_databases_basics/Readee_units_by_elementary_fence_units_tag_provider_v.ml
/keep/sources/ocaml_top/setup/frames/internalsector/elementaryset/elementaryset_databases_coordinates/Db1figure_float_tag_by_elementary_fence_units_tag_translator_v.ml
/keep/sources/ocaml_top/setup/frames/internalsector/elementaryset/elementaryset_databases_coordinates/Elementary_fence_units_tag_by_db1figure_float_tag_translator_v.ml
/keep/sources/ocaml_top/setup/frames/internalsector/elementaryset/elementaryset_formulas/Elementary_fence_units_actual_action_container_t.ml
/keep/sources/ocaml_top/setup/frames/internalsector/elementaryset/elementaryset_formulas/Elementary_fence_units_actual_action_container_v.ml
/keep/sources/ocaml_top/setup/frames/internalsector/elementaryset/elementaryset_formulas/Elementary_fence_units_actual_angle_container_t.ml
/keep/sources/ocaml_top/setup/frames/internalsector/elementaryset/elementaryset_formulas/Elementary_fence_units_actual_angle_container_v.ml
/keep/sources/ocaml_top/setup/frames/internalsector/elementaryset/elementaryset_formulas/Elementary_fence_units_actual_charge_container_t.ml
/keep/sources/ocaml_top/setup/frames/internalsector/elementaryset/elementaryset_formulas/Elementary_fence_units_actual_charge_container_v.ml
/keep/sources/ocaml_top/setup/frames/internalsector/elementaryset/elementaryset_formulas/Elementary_fence_units_actual_container_t.ml
/keep/sources/ocaml_top/setup/frames/internalsector/elementaryset/elementaryset_formulas/Elementary_fence_units_actual_container_v.ml
/keep/sources/ocaml_top/setup/frames/internalsector/elementaryset/elementaryset_formulas/Elementary_fence_units_actual_energy_container_t.ml
/keep/sources/ocaml_top/setup/frames/internalsector/elementaryset/elementaryset_formulas/Elementary_fence_units_actual_energy_container_v.ml
/keep/sources/ocaml_top/setup/frames/internalsector/elementaryset/elementaryset_formulas/Elementary_fence_units_actual_length_container_t.ml
/keep/sources/ocaml_top/setup/frames/internalsector/elementaryset/elementaryset_formulas/Elementary_fence_units_actual_length_container_v.ml
/keep/sources/ocaml_top/setup/frames/internalsector/elementaryset/elementaryset_formulas/Elementary_fence_units_actual_mass_container_t.ml
/keep/sources/ocaml_top/setup/frames/internalsector/elementaryset/elementaryset_formulas/Elementary_fence_units_actual_mass_container_v.ml
/keep/sources/ocaml_top/setup/frames/internalsector/elementaryset/elementaryset_formulas/Elementary_fence_units_actual_none_container_t.ml
/keep/sources/ocaml_top/setup/frames/internalsector/elementaryset/elementaryset_formulas/Elementary_fence_units_actual_none_container_v.ml
/keep/sources/ocaml_top/setup/frames/internalsector/elementaryset/elementaryset_formulas/Elementary_fence_units_actual_temperature_container_t.ml
/keep/sources/ocaml_top/setup/frames/internalsector/elementaryset/elementaryset_formulas/Elementary_fence_units_actual_temperature_container_v.ml
/keep/sources/ocaml_top/setup/frames/internalsector/elementaryset/elementaryset_formulas/Elementary_fence_units_actual_time_container_t.ml
/keep/sources/ocaml_top/setup/frames/internalsector/elementaryset/elementaryset_formulas/Elementary_fence_units_actual_time_container_v.ml
/keep/sources/ocaml_top/setup/frames/internalsector/elementaryset/elementaryset_formulas/Elementary_fence_units_canonical_classical_container_t.ml
/keep/sources/ocaml_top/setup/frames/internalsector/elementaryset/elementaryset_formulas/Elementary_fence_units_canonical_classical_container_v.ml
/keep/sources/ocaml_top/setup/frames/internalsector/elementaryset/elementaryset_formulas/Elementary_fence_units_canonical_container_t.ml
/keep/sources/ocaml_top/setup/frames/internalsector/elementaryset/elementaryset_formulas/Elementary_fence_units_canonical_container_v.ml
/keep/sources/ocaml_top/setup/frames/internalsector/elementaryset/elementaryset_formulas/Elementary_fence_units_canonical_quantum_container_t.ml
/keep/sources/ocaml_top/setup/frames/internalsector/elementaryset/elementaryset_formulas/Elementary_fence_units_canonical_quantum_container_v.ml
/keep/sources/ocaml_top/setup/frames/internalsector/elementaryset/elementaryset_formulas/Elementary_fence_units_container_t.ml
/keep/sources/ocaml_top/setup/frames/internalsector/elementaryset/elementaryset_formulas/Elementary_fence_units_container_v.ml
/keep/sources/ocaml_top/setup/frames/internalsector/elementaryset/elementaryset_values/Elementary_fence_units_actual_action_belt_t.ml
/keep/sources/ocaml_top/setup/frames/internalsector/elementaryset/elementaryset_values/Elementary_fence_units_actual_action_belt_v.ml
/keep/sources/ocaml_top/setup/frames/internalsector/elementaryset/elementaryset_values/Elementary_fence_units_actual_angle_belt_t.ml
/keep/sources/ocaml_top/setup/frames/internalsector/elementaryset/elementaryset_values/Elementary_fence_units_actual_angle_belt_v.ml
/keep/sources/ocaml_top/setup/frames/internalsector/elementaryset/elementaryset_values/Elementary_fence_units_actual_belt_t.ml
/keep/sources/ocaml_top/setup/frames/internalsector/elementaryset/elementaryset_values/Elementary_fence_units_actual_belt_v.ml
/keep/sources/ocaml_top/setup/frames/internalsector/elementaryset/elementaryset_values/Elementary_fence_units_actual_charge_belt_t.ml
/keep/sources/ocaml_top/setup/frames/internalsector/elementaryset/elementaryset_values/Elementary_fence_units_actual_charge_belt_v.ml
/keep/sources/ocaml_top/setup/frames/internalsector/elementaryset/elementaryset_values/Elementary_fence_units_actual_energy_belt_t.ml
/keep/sources/ocaml_top/setup/frames/internalsector/elementaryset/elementaryset_values/Elementary_fence_units_actual_energy_belt_v.ml
/keep/sources/ocaml_top/setup/frames/internalsector/elementaryset/elementaryset_values/Elementary_fence_units_actual_length_belt_t.ml
/keep/sources/ocaml_top/setup/frames/internalsector/elementaryset/elementaryset_values/Elementary_fence_units_actual_length_belt_v.ml
/keep/sources/ocaml_top/setup/frames/internalsector/elementaryset/elementaryset_values/Elementary_fence_units_actual_mass_belt_t.ml
/keep/sources/ocaml_top/setup/frames/internalsector/elementaryset/elementaryset_values/Elementary_fence_units_actual_mass_belt_v.ml
/keep/sources/ocaml_top/setup/frames/internalsector/elementaryset/elementaryset_values/Elementary_fence_units_actual_none_belt_t.ml
/keep/sources/ocaml_top/setup/frames/internalsector/elementaryset/elementaryset_values/Elementary_fence_units_actual_none_belt_v.ml
/keep/sources/ocaml_top/setup/frames/internalsector/elementaryset/elementaryset_values/Elementary_fence_units_actual_temperature_belt_t.ml
/keep/sources/ocaml_top/setup/frames/internalsector/elementaryset/elementaryset_values/Elementary_fence_units_actual_temperature_belt_v.ml
/keep/sources/ocaml_top/setup/frames/internalsector/elementaryset/elementaryset_values/Elementary_fence_units_actual_time_belt_t.ml
/keep/sources/ocaml_top/setup/frames/internalsector/elementaryset/elementaryset_values/Elementary_fence_units_actual_time_belt_v.ml
/keep/sources/ocaml_top/setup/frames/internalsector/elementaryset/elementaryset_values/Elementary_fence_units_belt_t.ml
/keep/sources/ocaml_top/setup/frames/internalsector/elementaryset/elementaryset_values/Elementary_fence_units_belt_v.ml
/keep/sources/ocaml_top/setup/frames/internalsector/elementaryset/elementaryset_values/Elementary_fence_units_canonical_belt_t.ml
/keep/sources/ocaml_top/setup/frames/internalsector/elementaryset/elementaryset_values/Elementary_fence_units_canonical_belt_v.ml
/keep/sources/ocaml_top/setup/frames/internalsector/elementaryset/elementaryset_values/Elementary_fence_units_canonical_classical_belt_t.ml
/keep/sources/ocaml_top/setup/frames/internalsector/elementaryset/elementaryset_values/Elementary_fence_units_canonical_classical_belt_v.ml
/keep/sources/ocaml_top/setup/frames/internalsector/elementaryset/elementaryset_values/Elementary_fence_units_canonical_quantum_belt_t.ml
/keep/sources/ocaml_top/setup/frames/internalsector/elementaryset/elementaryset_values/Elementary_fence_units_canonical_quantum_belt_v.ml
