body_bundle_coordinates
body_bundle_figure
body_bundle
body_cluster_information
body_cluster
body_cluster_vertex
body_name
body_name_vertex
body_record
body_record_vertex
body_sequence_float
body_sequence
body
context_database
context_databox
context_domain
context_sector
context
fence_basic_numerical_float
fence_basic_numerical_integer
fence_basic_numerical
fence_basic
fence_basic_word_anycase
fence_basic_word_capitalized
fence_basic_word_lowercase
fence_basic_word
fence_basic_word_uppercase
fence_cell_coordinates_kind
fence_cell_coordinates
fence_cell_coordinates_units_angle
fence_cell_coordinates_units_length
fence_cell_coordinates_units
fence_cell_figure_kind
fence_cell_figure_name
fence_cell_figure
fence_cell
fence_keyword_coordinates_kind
fence_keyword_coordinates
fence_keyword_coordinates_units_angle
fence_keyword_coordinates_units_length
fence_keyword_coordinates_units
fence_keyword_figure
fence_keyword
fence_keyword_vertex
fence
fence_token_coordinates_kind_cartesian
fence_token_coordinates_kind_cylindrical
fence_token_coordinates_kind_polar
fence_token_coordinates_kind_spherical
fence_token_coordinates_kind
fence_token_coordinates
fence_token_coordinates_units_angle_degree
fence_token_coordinates_units_angle_noangle
fence_token_coordinates_units_angle_radian
fence_token_coordinates_units_angle
fence_token_coordinates_units_length_angstrom
fence_token_coordinates_units_length_bohr
fence_token_coordinates_units_length_meter
fence_token_coordinates_units_length
fence_token_coordinates_units
fence_token_figure_kind_point
fence_token_figure_kind_segment
fence_token_figure_kind
fence_token_figure_kind_triangle
fence_token_figure
fence_token
